2018-07-16 15:42:14,379 WARN o.a.j.u.JMeterUtils: Exception 'null' occurred when fetching String property:'jmeter.save.saveservice.base_prefix', defaulting to:~/
2018-07-16 15:42:14,384 INFO o.a.j.s.FileServer: Default base='E:\EclipseWorkingPlace\jmeter-function'
2018-07-16 15:42:14,393 INFO o.a.j.e.u.CompoundVariable: Note: Function class names must contain the string: '.functions.'
2018-07-16 15:42:14,393 INFO o.a.j.e.u.CompoundVariable: Note: Function class names must not contain the string: '.gui.'
2018-07-16 15:42:14,443 WARN o.a.j.e.u.CompoundVariable: Did not find any functions
2018-07-16 15:42:14,446 WARN c.n.j.p.f.UserVariableLoader: Variable file path: E:\EclipseWorkingPlace\jmeter-function\src\test\resources\data\Test Config.csv
2018-07-16 15:42:14,446 WARN c.n.j.p.f.UserVariableLoader: Variable file exists: true
2018-07-16 15:42:14,446 WARN c.n.j.p.f.UserVariableLoader: File content:
2018-07-16 15:42:14,446 WARN c.n.j.p.f.UserVariableLoader: Debug,true
2018-07-16 15:42:14,446 WARN c.n.j.p.f.UserVariableLoader: DataFolderNonDebug,data
2018-07-16 15:42:14,446 WARN c.n.j.p.f.UserVariableLoader: DataFolderDebug,data_debug
2018-07-16 15:42:14,446 WARN c.n.j.p.f.UserVariableLoader: Testcase01,true
2018-07-16 15:42:14,446 WARN c.n.j.p.f.UserVariableLoader: Testcase02,false
2018-07-16 15:42:14,450 WARN c.n.j.p.f.UserVariableLoader: Variable file path: E:\EclipseWorkingPlace\jmeter-function\src\test\resources\data\Variables02.csv
2018-07-16 15:42:14,450 WARN c.n.j.p.f.UserVariableLoader: Variable file exists: true
2018-07-16 15:42:14,450 WARN c.n.j.p.f.UserVariableLoader: File content:
2018-07-16 15:42:14,451 WARN c.n.j.p.f.UserVariableLoader: Var3,value3
2018-07-16 15:42:14,451 WARN c.n.j.p.f.UserVariableLoader: Var4,value4
2018-07-16 15:42:14,451 WARN c.n.j.p.f.UserVariableLoader: Variable file path: E:\EclipseWorkingPlace\jmeter-function\src\test\resources\data\Variables01.csv
2018-07-16 15:42:14,451 WARN c.n.j.p.f.UserVariableLoader: Variable file exists: true
2018-07-16 15:42:14,451 WARN c.n.j.p.f.UserVariableLoader: File content:
2018-07-16 15:42:14,451 WARN c.n.j.p.f.UserVariableLoader: Var1,value1
2018-07-16 15:42:14,451 WARN c.n.j.p.f.UserVariableLoader: Var2,value2
